app/build/intermediates/manifest_merge_blame_file/debug/manifest-merger-blame-debug-report.txt
1<?xml version="1.0" encoding="utf-8"?>
2<manifest xmlns:android="http://schemas.android.com/apk/res/android"
3    package="com.ensias.healthcareapp"
4    android:versionCode="1"
5    android:versionName="1.0" >
6
7    <uses-sdk
8        android:minSdkVersion="16"
8-->src\main\AndroidManifest.xml
9        android:targetSdkVersion="29" />
9-->src\main\AndroidManifest.xml
10
11    <uses-permission android:name="android.permission.CALL_PHONE" />
11-->src\main\AndroidManifest.xml:5:5-69
11-->src\main\AndroidManifest.xml:5:22-66
12    <uses-permission android:name="android.permission.INTERNET" />
12-->src\main\AndroidManifest.xml:6:5-67
12-->src\main\AndroidManifest.xml:6:22-64
13    <uses-permission android:name="android.permission.READ_EXTERNAL_STORAGE" />
13-->src\main\AndroidManifest.xml:7:5-80
13-->src\main\AndroidManifest.xml:7:22-77
14
15    <!-- Although the *SdkVersion is captured in gradle build files, this is required for non gradle builds -->
16    <!-- <uses-sdk android:minSdkVersion="14"/> -->
17    <uses-permission android:name="android.permission.ACCESS_NETWORK_STATE" />
17-->[com.google.firebase:firebase-database:19.2.1] AndroidManifest.xml:25:5-79
17-->[com.google.firebase:firebase-database:19.2.1] AndroidManifest.xml:25:22-76
18
19    <application
19-->src\main\AndroidManifest.xml:9:5-56:19
20        android:name="androidx.multidex.MultiDexApplication"
21        android:allowBackup="true"
21-->src\main\AndroidManifest.xml:10:9-35
22        android:appComponentFactory="androidx.core.app.CoreComponentFactory"
22-->[androidx.core:core:1.1.0] AndroidManifest.xml:24:18-86
23        android:debuggable="true"
24        android:icon="@mipmap/ic_launcher"
24-->src\main\AndroidManifest.xml:11:9-43
25        android:label="@string/app_name"
25-->src\main\AndroidManifest.xml:12:9-41
26        android:roundIcon="@mipmap/ic_launcher_round"
26-->src\main\AndroidManifest.xml:13:9-54
27        android:supportsRtl="true"
27-->src\main\AndroidManifest.xml:14:9-35
28        android:testOnly="true"
29        android:theme="@style/Theme.AppCompat.Light.NoActionBar" >
29-->src\main\AndroidManifest.xml:15:9-65
30        <activity android:name="com.ensias.healthcareapp.SplashScreen" >
30-->src\main\AndroidManifest.xml:17:9-22:20
30-->src\main\AndroidManifest.xml:18:13-41
31            <intent-filter>
31-->src\main\AndroidManifest.xml:19:13-21:29
32                <action android:name="android.intent.action.MAIN" />
32-->src\main\AndroidManifest.xml:20:17-69
32-->src\main\AndroidManifest.xml:20:25-66
33            </intent-filter>
34        </activity>
35        <activity android:name="com.ensias.healthcareapp.MyCalendarDoctorActivity" />
35-->src\main\AndroidManifest.xml:23:9-62
35-->src\main\AndroidManifest.xml:23:19-59
36        <activity android:name="com.ensias.healthcareapp.TestActivity" />
36-->src\main\AndroidManifest.xml:24:9-50
36-->src\main\AndroidManifest.xml:24:19-47
37        <activity android:name="com.ensias.healthcareapp.AppointementActivity" />
37-->src\main\AndroidManifest.xml:25:9-58
37-->src\main\AndroidManifest.xml:25:19-55
38        <activity android:name="com.ensias.healthcareapp.FormInfo" />
38-->src\main\AndroidManifest.xml:26:9-46
38-->src\main\AndroidManifest.xml:26:19-43
39        <activity android:name="com.ensias.healthcareapp.PatientInfoActivity" />
39-->src\main\AndroidManifest.xml:27:9-57
39-->src\main\AndroidManifest.xml:27:19-54
40        <activity android:name="com.ensias.healthcareapp.MedicalFile" />
40-->src\main\AndroidManifest.xml:28:9-49
40-->src\main\AndroidManifest.xml:28:19-46
41        <activity android:name="com.ensias.healthcareapp.ChatActivity" />
41-->src\main\AndroidManifest.xml:29:9-50
41-->src\main\AndroidManifest.xml:29:19-47
42        <activity android:name="com.ensias.healthcareapp.PatientRequestPage" />
42-->src\main\AndroidManifest.xml:30:9-56
42-->src\main\AndroidManifest.xml:30:19-53
43        <activity android:name="com.ensias.healthcareapp.DoctorHomeActivity" />
43-->src\main\AndroidManifest.xml:31:9-56
43-->src\main\AndroidManifest.xml:31:19-53
44        <activity android:name="com.ensias.healthcareapp.EditProfileDoctorActivity" />
44-->src\main\AndroidManifest.xml:32:9-63
44-->src\main\AndroidManifest.xml:32:19-60
45        <activity android:name="com.ensias.healthcareapp.ConfirmedAppointmensActivity" />
45-->src\main\AndroidManifest.xml:33:9-66
45-->src\main\AndroidManifest.xml:33:19-63
46        <activity android:name="com.ensias.healthcareapp.PatientAppointementsActivity" />
46-->src\main\AndroidManifest.xml:34:9-66
46-->src\main\AndroidManifest.xml:34:19-63
47        <activity android:name="com.ensias.healthcareapp.ProfilePatientActivity" />
47-->src\main\AndroidManifest.xml:35:9-60
47-->src\main\AndroidManifest.xml:35:19-57
48        <activity android:name="com.ensias.healthcareapp.MyDoctorsAvtivity" />
48-->src\main\AndroidManifest.xml:36:9-55
48-->src\main\AndroidManifest.xml:36:19-52
49        <activity android:name="com.ensias.healthcareapp.ProfileDoctorActivity" />
49-->src\main\AndroidManifest.xml:37:9-59
49-->src\main\AndroidManifest.xml:37:19-56
50        <activity android:name="com.ensias.healthcareapp.EditProfilePatientActivity" />
50-->src\main\AndroidManifest.xml:38:9-64
50-->src\main\AndroidManifest.xml:38:19-61
51        <activity android:name="com.ensias.healthcareapp.DoctorAppointementActivity" />
51-->src\main\AndroidManifest.xml:39:9-64
51-->src\main\AndroidManifest.xml:39:19-61
52        <activity android:name="com.ensias.healthcareapp.FormActivity" />
52-->src\main\AndroidManifest.xml:40:9-50
52-->src\main\AndroidManifest.xml:40:19-47
53        <activity android:name="com.ensias.healthcareapp.MyPatientsActivity" />
53-->src\main\AndroidManifest.xml:41:9-56
53-->src\main\AndroidManifest.xml:41:19-53
54        <activity android:name="com.ensias.healthcareapp.SearchPatActivity" />
54-->src\main\AndroidManifest.xml:42:9-55
54-->src\main\AndroidManifest.xml:42:19-52
55        <activity android:name="com.ensias.healthcareapp.FirstSigninActivity" />
55-->src\main\AndroidManifest.xml:43:9-57
55-->src\main\AndroidManifest.xml:43:19-54
56        <activity android:name="com.ensias.healthcareapp.HomeActivity" />
56-->src\main\AndroidManifest.xml:44:9-50
56-->src\main\AndroidManifest.xml:44:19-47
57        <activity android:name="com.ensias.healthcareapp.MainActivity" >
57-->src\main\AndroidManifest.xml:45:9-51:20
57-->src\main\AndroidManifest.xml:45:19-47
58            <intent-filter>
58-->src\main\AndroidManifest.xml:46:13-50:29
59                <action android:name="android.intent.action.MAIN" />
59-->src\main\AndroidManifest.xml:20:17-69
59-->src\main\AndroidManifest.xml:20:25-66
60
61                <category android:name="android.intent.category.LAUNCHER" />
61-->src\main\AndroidManifest.xml:49:17-77
61-->src\main\AndroidManifest.xml:49:27-74
62            </intent-filter>
63        </activity>
64
65        <meta-data
65-->src\main\AndroidManifest.xml:53:9-55:57
66            android:name="preloaded_fonts"
66-->src\main\AndroidManifest.xml:54:13-43
67            android:resource="@array/preloaded_fonts" />
67-->src\main\AndroidManifest.xml:55:13-54
68
69        <activity
69-->[com.google.firebase:firebase-auth:19.3.0] AndroidManifest.xml:24:9-31:50
70            android:name="com.google.firebase.auth.internal.FederatedSignInActivity"
70-->[com.google.firebase:firebase-auth:19.3.0] AndroidManifest.xml:25:13-85
71            android:excludeFromRecents="true"
71-->[com.google.firebase:firebase-auth:19.3.0] AndroidManifest.xml:26:13-46
72            android:exported="true"
72-->[com.google.firebase:firebase-auth:19.3.0] AndroidManifest.xml:27:13-36
73            android:launchMode="singleTask"
73-->[com.google.firebase:firebase-auth:19.3.0] AndroidManifest.xml:28:13-44
74            android:permission="com.google.firebase.auth.api.gms.permission.LAUNCH_FEDERATED_SIGN_IN"
74-->[com.google.firebase:firebase-auth:19.3.0] AndroidManifest.xml:29:13-102
75            android:theme="@android:style/Theme.Translucent.NoTitleBar" />
75-->[com.google.firebase:firebase-auth:19.3.0] AndroidManifest.xml:30:13-72
76
77        <service
77-->[com.google.firebase:firebase-auth:19.3.0] AndroidManifest.xml:33:9-39:19
78            android:name="com.google.firebase.components.ComponentDiscoveryService"
78-->[com.google.firebase:firebase-auth:19.3.0] AndroidManifest.xml:34:13-84
79            android:directBootAware="true"
79-->[com.google.firebase:firebase-common:19.3.0] AndroidManifest.xml:34:13-43
80            android:exported="false" >
80-->[com.google.firebase:firebase-auth:19.3.0] AndroidManifest.xml:35:13-37
81            <meta-data
81-->[com.google.firebase:firebase-auth:19.3.0] AndroidManifest.xml:36:13-38:85
82                android:name="com.google.firebase.components:com.google.firebase.auth.FirebaseAuthRegistrar"
82-->[com.google.firebase:firebase-auth:19.3.0] AndroidManifest.xml:37:17-109
83                android:value="com.google.firebase.components.ComponentRegistrar" />
83-->[com.google.firebase:firebase-auth:19.3.0] AndroidManifest.xml:38:17-82
84            <meta-data
84-->[com.google.firebase:firebase-database:19.2.1] AndroidManifest.xml:32:13-34:85
85                android:name="com.google.firebase.components:com.google.firebase.database.DatabaseRegistrar"
85-->[com.google.firebase:firebase-database:19.2.1] AndroidManifest.xml:33:17-109
86                android:value="com.google.firebase.components.ComponentRegistrar" />
86-->[com.google.firebase:firebase-database:19.2.1] AndroidManifest.xml:34:17-82
87            <meta-data
87-->[com.google.firebase:firebase-firestore:21.4.2] AndroidManifest.xml:20:13-22:85
88                android:name="com.google.firebase.components:com.google.firebase.firestore.FirestoreRegistrar"
88-->[com.google.firebase:firebase-firestore:21.4.2] AndroidManifest.xml:21:17-111
89                android:value="com.google.firebase.components.ComponentRegistrar" />
89-->[com.google.firebase:firebase-firestore:21.4.2] AndroidManifest.xml:22:17-82
90            <meta-data
90-->[com.google.firebase:firebase-storage:19.1.1] AndroidManifest.xml:33:13-35:85
91                android:name="com.google.firebase.components:com.google.firebase.storage.StorageRegistrar"
91-->[com.google.firebase:firebase-storage:19.1.1] AndroidManifest.xml:34:17-107
92                android:value="com.google.firebase.components.ComponentRegistrar" />
92-->[com.google.firebase:firebase-storage:19.1.1] AndroidManifest.xml:35:17-82
93        </service>
94
95        <activity
95-->[com.google.android.gms:play-services-auth:18.0.0] AndroidManifest.xml:23:9-27:75
96            android:name="com.google.android.gms.auth.api.signin.internal.SignInHubActivity"
96-->[com.google.android.gms:play-services-auth:18.0.0] AndroidManifest.xml:24:13-93
97            android:excludeFromRecents="true"
97-->[com.google.android.gms:play-services-auth:18.0.0] AndroidManifest.xml:25:13-46
98            android:exported="false"
98-->[com.google.android.gms:play-services-auth:18.0.0] AndroidManifest.xml:26:13-37
99            android:theme="@android:style/Theme.Translucent.NoTitleBar" />
99-->[com.google.android.gms:play-services-auth:18.0.0] AndroidManifest.xml:27:13-72
100        <!--
101            Service handling Google Sign-In user revocation. For apps that do not integrate with
102            Google Sign-In, this service will never be started.
103        -->
104        <service
104-->[com.google.android.gms:play-services-auth:18.0.0] AndroidManifest.xml:33:9-36:110
105            android:name="com.google.android.gms.auth.api.signin.RevocationBoundService"
105-->[com.google.android.gms:play-services-auth:18.0.0] AndroidManifest.xml:34:13-89
106            android:exported="true"
106-->[com.google.android.gms:play-services-auth:18.0.0] AndroidManifest.xml:35:13-36
107            android:permission="com.google.android.gms.auth.api.signin.permission.REVOCATION_NOTIFICATION" />
107-->[com.google.android.gms:play-services-auth:18.0.0] AndroidManifest.xml:36:13-107
108
109        <activity
109-->[com.google.android.gms:play-services-base:17.1.0] AndroidManifest.xml:23:9-26:75
110            android:name="com.google.android.gms.common.api.GoogleApiActivity"
110-->[com.google.android.gms:play-services-base:17.1.0] AndroidManifest.xml:24:13-79
111            android:exported="false"
111-->[com.google.android.gms:play-services-base:17.1.0] AndroidManifest.xml:25:13-37
112            android:theme="@android:style/Theme.Translucent.NoTitleBar" />
112-->[com.google.android.gms:play-services-base:17.1.0] AndroidManifest.xml:26:13-72
113
114        <provider
114-->[com.google.firebase:firebase-common:19.3.0] AndroidManifest.xml:26:9-30:39
115            android:name="com.google.firebase.provider.FirebaseInitProvider"
115-->[com.google.firebase:firebase-common:19.3.0] AndroidManifest.xml:27:13-77
116            android:authorities="com.ensias.healthcareapp.firebaseinitprovider"
116-->[com.google.firebase:firebase-common:19.3.0] AndroidManifest.xml:28:13-72
117            android:exported="false"
117-->[com.google.firebase:firebase-common:19.3.0] AndroidManifest.xml:29:13-37
118            android:initOrder="100" />
118-->[com.google.firebase:firebase-common:19.3.0] AndroidManifest.xml:30:13-36
119
120        <meta-data
120-->[com.google.android.gms:play-services-basement:17.1.1] AndroidManifest.xml:23:9-25:69
121            android:name="com.google.android.gms.version"
121-->[com.google.android.gms:play-services-basement:17.1.1] AndroidManifest.xml:24:13-58
122            android:value="@integer/google_play_services_version" />
122-->[com.google.android.gms:play-services-basement:17.1.1] AndroidManifest.xml:25:13-66
123    </application>
124
125</manifest>